<?xml version="1.0" encoding="UTF-8"?>
<testsuite xmlns:xsi="http://www.w3.org/2001/XMLSchema-instance" xsi:noNamespaceSchemaLocation="https://maven.apache.org/surefire/maven-surefire-plugin/xsd/surefire-test-report.xsd" name="br.com.aula.steps.HomeSteps" time="72.958" tests="8" errors="2" skipped="0" failures="0">
  <properties>
    <property name="idea.version" value="2022.2.2"/>
    <property name="java.runtime.name" value="OpenJDK Runtime Environment"/>
    <property name="sun.boot.library.path" value="C:\Users\Pichau\.jdks\corretto-1.8.0_352\jre\bin"/>
    <property name="java.vm.version" value="25.352-b08"/>
    <property name="java.vm.vendor" value="Amazon.com Inc."/>
    <property name="maven.multiModuleProjectDirectory" value="C:\Users\Pichau\Documents\UNIPE-SPI\SISTEMAS_PATA_INTERNET_P1\Estagio\GIT DBC\tf3-modulo-selenium\aula2"/>
    <property name="java.vendor.url" value="https://aws.amazon.com/corretto/"/>
    <property name="path.separator" value=";"/>
    <property name="guice.disable.misplaced.annotation.check" value="true"/>
    <property name="java.vm.name" value="OpenJDK 64-Bit Server VM"/>
    <property name="file.encoding.pkg" value="sun.io"/>
    <property name="user.script" value=""/>
    <property name="user.country" value="BR"/>
    <property name="sun.java.launcher" value="SUN_STANDARD"/>
    <property name="sun.os.patch.level" value=""/>
    <property name="java.vm.specification.name" value="Java Virtual Machine Specification"/>
    <property name="user.dir" value="C:\Users\Pichau\Documents\UNIPE-SPI\SISTEMAS_PATA_INTERNET_P1\Estagio\GIT DBC\tf3-modulo-selenium\aula2"/>
    <property name="java.runtime.version" value="1.8.0_352-b08"/>
    <property name="java.awt.graphicsenv" value="sun.awt.Win32GraphicsEnvironment"/>
    <property name="java.endorsed.dirs" value="C:\Users\Pichau\.jdks\corretto-1.8.0_352\jre\lib\endorsed"/>
    <property name="os.arch" value="amd64"/>
    <property name="java.io.tmpdir" value="C:\Users\Pichau\AppData\Local\Temp\"/>
    <property name="line.separator" value="&#10;"/>
    <property name="java.vm.specification.vendor" value="Oracle Corporation"/>
    <property name="user.variant" value=""/>
    <property name="os.name" value="Windows 10"/>
    <property name="maven.ext.class.path" value="C:\Program Files\JetBrains\IntelliJ IDEA Community Edition 2022.2.2\plugins\maven\lib\maven-event-listener.jar"/>
    <property name="classworlds.conf" value="C:\Program Files\JetBrains\IntelliJ IDEA Community Edition 2022.2.2\plugins\maven\lib\maven3\bin\m2.conf"/>
    <property name="sun.jnu.encoding" value="Cp1252"/>
    <property name="java.library.path" value="C:\Users\Pichau\.jdks\corretto-1.8.0_352\bin;C:\WINDOWS\Sun\Java\bin;C:\WINDOWS\system32;C:\WINDOWS;C:\Program Files (x86)\NVIDIA Corporation\PhysX\Common;C:\Program Files\Common Files\Oracle\Java\zulu17.34.19-ca-jdk17.0.3-win_x64\bin;C:\Program Files (x86)\VMware\VMware Player\bin\;C:\Users\Pichau\Documents\UNIPE-SPI\PythonInstall\Scripts\;C:\Users\Pichau\Documents\UNIPE-SPI\PythonInstall\;C:\Program Files\Common Files\Oracle\Java\javapath;C:\Program Files (x86)\Common Files\Oracle\Java\javapath;C:\WINDOWS\system32;C:\WINDOWS;C:\WINDOWS\System32\Wbem;C:\WINDOWS\System32\WindowsPowerShell\v1.0\;C:\WINDOWS\System32\OpenSSH\;C:\Program Files\SafeNet\Authentication\SAC\x64;C:\Program Files\SafeNet\Authentication\SAC\x32;C:\Program Files\Git\cmd;C:\Program Files\nodejs\;C:\ProgramData\chocolatey\bin;C:\Program Files\dotnet\;C:\xampp\php;C:\ProgramData\ComposerSetup\bin;C:\Program Files\Docker\Docker\resources\bin;C:\ProgramData\DockerDesktop\version-bin;C:\allure-2.10.0\bin;C:\Program Files\MySQL\MySQL Shell 8.0\bin\;C:\Users\Pichau\AppData\Local\Microsoft\WindowsApps;C:\Program Files\JetBrains\PyCharm Community Edition 2021.3.2\bin;C:\Users\Pichau\AppData\Local\Programs\Microsoft VS Code\bin;C:\Users\Pichau\AppData\Roaming\Composer\vendor\bin;C:\Users\Pichau\Documents\UNIPE-SPI\PythonInstall;C:\Program Files\heroku\bin;C:\Users\Pichau\AppData\Roaming\npm;C:\Users\Pichau\AppData\Roaming\npm\node_modules\@angular\cli\bin;C:\Program Files\JetBrains\IntelliJ IDEA Community Edition 2022.2.2\bin;;C:\allure-2.10.0\bin;;."/>
    <property name="maven.conf" value="C:\Program Files\JetBrains\IntelliJ IDEA Community Edition 2022.2.2\plugins\maven\lib\maven3/conf"/>
    <property name="java.specification.name" value="Java Platform API Specification"/>
    <property name="java.class.version" value="52.0"/>
    <property name="sun.management.compiler" value="HotSpot 64-Bit Tiered Compilers"/>
    <property name="os.version" value="10.0"/>
    <property name="user.home" value="C:\Users\Pichau"/>
    <property name="user.timezone" value="America/Sao_Paulo"/>
    <property name="java.awt.printerjob" value="sun.awt.windows.WPrinterJob"/>
    <property name="java.specification.version" value="1.8"/>
    <property name="file.encoding" value="UTF-8"/>
    <property name="user.name" value="Pichau"/>
    <property name="java.class.path" value="C:\Program Files\JetBrains\IntelliJ IDEA Community Edition 2022.2.2\plugins\maven\lib\maven3\boot\plexus-classworlds-2.6.0.jar;C:\Program Files\JetBrains\IntelliJ IDEA Community Edition 2022.2.2\plugins\maven\lib\maven3\boot\plexus-classworlds.license;C:\Program Files\JetBrains\IntelliJ IDEA Community Edition 2022.2.2\lib\idea_rt.jar"/>
    <property name="java.vm.specification.version" value="1.8"/>
    <property name="sun.arch.data.model" value="64"/>
    <property name="java.home" value="C:\Users\Pichau\.jdks\corretto-1.8.0_352\jre"/>
    <property name="sun.java.command" value="org.codehaus.classworlds.Launcher -Didea.version=2022.2.2 test"/>
    <property name="java.specification.vendor" value="Oracle Corporation"/>
    <property name="user.language" value="pt"/>
    <property name="awt.toolkit" value="sun.awt.windows.WToolkit"/>
    <property name="java.vm.info" value="mixed mode"/>
    <property name="java.version" value="1.8.0_352"/>
    <property name="java.ext.dirs" value="C:\Users\Pichau\.jdks\corretto-1.8.0_352\jre\lib\ext;C:\WINDOWS\Sun\Java\lib\ext"/>
    <property name="sun.boot.class.path" value="C:\Users\Pichau\.jdks\corretto-1.8.0_352\jre\lib\resources.jar;C:\Users\Pichau\.jdks\corretto-1.8.0_352\jre\lib\rt.jar;C:\Users\Pichau\.jdks\corretto-1.8.0_352\jre\lib\sunrsasign.jar;C:\Users\Pichau\.jdks\corretto-1.8.0_352\jre\lib\jsse.jar;C:\Users\Pichau\.jdks\corretto-1.8.0_352\jre\lib\jce.jar;C:\Users\Pichau\.jdks\corretto-1.8.0_352\jre\lib\charsets.jar;C:\Users\Pichau\.jdks\corretto-1.8.0_352\jre\lib\jfr.jar;C:\Users\Pichau\.jdks\corretto-1.8.0_352\jre\classes"/>
    <property name="java.vendor" value="Amazon.com Inc."/>
    <property name="java.specification.maintenance.version" value="4"/>
    <property name="maven.home" value="C:\Program Files\JetBrains\IntelliJ IDEA Community Edition 2022.2.2\plugins\maven\lib\maven3"/>
    <property name="file.separator" value="\"/>
    <property name="java.vendor.url.bug" value="https://github.com/corretto/corretto-8/issues/"/>
    <property name="sun.cpu.endian" value="little"/>
    <property name="sun.io.unicode.encoding" value="UnicodeLittle"/>
    <property name="sun.desktop" value="windows"/>
    <property name="sun.cpu.isalist" value="amd64"/>
  </properties>
  <testcase name="validarRedirecionamentoPlantaoBlackFriday" classname="br.com.aula.steps.HomeSteps" time="14.63"/>
  <testcase name="validarDropdownListaCategorias" classname="br.com.aula.steps.HomeSteps" time="10.439"/>
  <testcase name="validarModalIconeCep" classname="br.com.aula.steps.HomeSteps" time="7.905"/>
  <testcase name="validarBuscaProdutoSemTextoInserido" classname="br.com.aula.steps.HomeSteps" time="5.287"/>
  <testcase name="validarRedirecionamentoTelaLogin" classname="br.com.aula.steps.HomeSteps" time="6.721"/>
  <testcase name="validarRedirecionamentoDetalhesProduto" classname="br.com.aula.steps.HomeSteps" time="6.057">
    <error message="element click intercepted: Element &lt;div data-index=&quot;0&quot; class=&quot;slick-slide slick-active&quot; tabindex=&quot;-1&quot; style=&quot;outline: none; width: 240px;&quot;&gt;...&lt;/div&gt; is not clickable at point (471, 850). Other element would receive the click: &lt;div role=&quot;region&quot; class=&quot;cookie-consent-banner-opt-out&quot;&gt;...&lt;/div&gt;&#10;  (Session info: chrome=107.0.5304.107)&#10;Build info: version: &apos;3.141.59&apos;, revision: &apos;e82be7d358&apos;, time: &apos;2018-11-14T08:17:03&apos;&#10;System info: host: &apos;DESKTOP-C6OAH2D&apos;, ip: &apos;192.168.127.1&apos;, os.name: &apos;Windows 10&apos;, os.arch: &apos;amd64&apos;, os.version: &apos;10.0&apos;, java.version: &apos;1.8.0_352&apos;&#10;Driver info: org.openqa.selenium.chrome.ChromeDriver&#10;Capabilities {acceptInsecureCerts: false, browserName: chrome, browserVersion: 107.0.5304.107, chrome: {chromedriverVersion: 107.0.5304.62 (1eec40d3a576..., userDataDir: C:\Users\Pichau\AppData\Loc...}, goog:chromeOptions: {debuggerAddress: localhost:50061}, javascriptEnabled: true, networkConnectionEnabled: false, pageLoadStrategy: normal, platform: WINDOWS, platformName: WINDOWS, proxy: Proxy(), setWindowRect: true, strictFileInteractability: false, timeouts: {implicit: 0, pageLoad: 300000, script: 30000}, unhandledPromptBehavior: dismiss and notify, webauthn:extension:credBlob: true, webauthn:extension:largeBlob: true, webauthn:virtualAuthenticators: true}&#10;Session ID: 27bc9d48fa26b941494c2109f113c381" type="org.openqa.selenium.ElementClickInterceptedException"><![CDATA[org.openqa.selenium.ElementClickInterceptedException: 
element click intercepted: Element <div data-index="0" class="slick-slide slick-active" tabindex="-1" style="outline: none; width: 240px;">...</div> is not clickable at point (471, 850). Other element would receive the click: <div role="region" class="cookie-consent-banner-opt-out">...</div>
  (Session info: chrome=107.0.5304.107)
Build info: version: '3.141.59', revision: 'e82be7d358', time: '2018-11-14T08:17:03'
System info: host: 'DESKTOP-C6OAH2D', ip: '192.168.127.1', os.name: 'Windows 10', os.arch: 'amd64', os.version: '10.0', java.version: '1.8.0_352'
Driver info: org.openqa.selenium.chrome.ChromeDriver
Capabilities {acceptInsecureCerts: false, browserName: chrome, browserVersion: 107.0.5304.107, chrome: {chromedriverVersion: 107.0.5304.62 (1eec40d3a576..., userDataDir: C:\Users\Pichau\AppData\Loc...}, goog:chromeOptions: {debuggerAddress: localhost:50061}, javascriptEnabled: true, networkConnectionEnabled: false, pageLoadStrategy: normal, platform: WINDOWS, platformName: WINDOWS, proxy: Proxy(), setWindowRect: true, strictFileInteractability: false, timeouts: {implicit: 0, pageLoad: 300000, script: 30000}, unhandledPromptBehavior: dismiss and notify, webauthn:extension:credBlob: true, webauthn:extension:largeBlob: true, webauthn:virtualAuthenticators: true}
Session ID: 27bc9d48fa26b941494c2109f113c381
	at br.com.aula.steps.HomeSteps.validarRedirecionamentoDetalhesProduto(HomeSteps.java:84)
]]></error>
    <system-err><![CDATA[Starting ChromeDriver 107.0.5304.62 (1eec40d3a5764881c92085aaee66d25075c159aa-refs/branch-heads/5304@{#942}) on port 26647
Only local connections are allowed.
Please see https://chromedriver.chromium.org/security-considerations for suggestions on keeping ChromeDriver safe.
ChromeDriver was started successfully.
nov 12, 2022 5:28:38 PM org.openqa.selenium.remote.ProtocolHandshake createSession
INFORMAÇÕES: Detected dialect: W3C
]]></system-err>
  </testcase>
  <testcase name="validarRedirecionamentoLoginSenha" classname="br.com.aula.steps.HomeSteps" time="13.075">
    <error message="Expected condition failed: waiting for presence of element located by: By.cssSelector:  #root-app &gt; div &gt; div.wrap &gt; div &gt; div.andes-card.andes-card--flat.andes-card--default.center-card__body.center-card__body--footerless.andes-card--padding-default &gt; div &gt; h1 &gt; div (tried for 5 second(s) with 500 milliseconds interval)" type="org.openqa.selenium.TimeoutException">org.openqa.selenium.TimeoutException: Expected condition failed: waiting for presence of element located by: By.cssSelector:  #root-app > div > div.wrap > div > div.andes-card.andes-card--flat.andes-card--default.center-card__body.center-card__body--footerless.andes-card--padding-default > div > h1 > div (tried for 5 second(s) with 500 milliseconds interval)
	at br.com.aula.steps.HomeSteps.validarRedirecionamentoLoginSenha(HomeSteps.java:76)
Caused by: org.openqa.selenium.NoSuchElementException: 
no such element: Unable to locate element: {"method":"css selector","selector":" #root-app > div > div.wrap > div > div.andes-card.andes-card--flat.andes-card--default.center-card__body.center-card__body--footerless.andes-card--padding-default > div > h1 > div"}
  (Session info: chrome=107.0.5304.107)
For documentation on this error, please visit: https://www.seleniumhq.org/exceptions/no_such_element.html
Build info: version: '3.141.59', revision: 'e82be7d358', time: '2018-11-14T08:17:03'
System info: host: 'DESKTOP-C6OAH2D', ip: '192.168.127.1', os.name: 'Windows 10', os.arch: 'amd64', os.version: '10.0', java.version: '1.8.0_352'
Driver info: org.openqa.selenium.chrome.ChromeDriver
Capabilities {acceptInsecureCerts: false, browserName: chrome, browserVersion: 107.0.5304.107, chrome: {chromedriverVersion: 107.0.5304.62 (1eec40d3a576..., userDataDir: C:\Users\Pichau\AppData\Loc...}, goog:chromeOptions: {debuggerAddress: localhost:50107}, javascriptEnabled: true, networkConnectionEnabled: false, pageLoadStrategy: normal, platform: WINDOWS, platformName: WINDOWS, proxy: Proxy(), setWindowRect: true, strictFileInteractability: false, timeouts: {implicit: 0, pageLoad: 300000, script: 30000}, unhandledPromptBehavior: dismiss and notify, webauthn:extension:credBlob: true, webauthn:extension:largeBlob: true, webauthn:virtualAuthenticators: true}
Session ID: db8b914e104cf6bb01312874964de567
*** Element info: {Using=css selector, value= #root-app > div > div.wrap > div > div.andes-card.andes-card--flat.andes-card--default.center-card__body.center-card__body--footerless.andes-card--padding-default > div > h1 > div}
	at br.com.aula.steps.HomeSteps.validarRedirecionamentoLoginSenha(HomeSteps.java:76)
</error>
    <system-err><![CDATA[Starting ChromeDriver 107.0.5304.62 (1eec40d3a5764881c92085aaee66d25075c159aa-refs/branch-heads/5304@{#942}) on port 28596
Only local connections are allowed.
Please see https://chromedriver.chromium.org/security-considerations for suggestions on keeping ChromeDriver safe.
ChromeDriver was started successfully.
nov 12, 2022 5:28:44 PM org.openqa.selenium.remote.ProtocolHandshake createSession
INFORMAÇÕES: Detected dialect: W3C
]]></system-err>
  </testcase>
  <testcase name="validarBuscaDeProduto" classname="br.com.aula.steps.HomeSteps" time="8.03"/>
</testsuite>